<?xml version="1.0" encoding="UTF-8"?>
<!-- Generated by org.testng.reporters.JUnitXMLReporter -->
<testsuite hostname="ASUS" ignored="2" name="Default test" tests="1" failures="0" timestamp="16 Apr 2021 09:01:31 GMT" time="5.412" errors="0">
  <testcase name="testProfileAPI" time="5.374" classname="com.assignment.final_test.ApiTest"/>
  <testcase name="testCurrencyAPI" time="0.0" classname="com.assignment.final_test.ApiTest">
    <ignored/>
  </testcase> <!-- testCurrencyAPI -->
  <testcase name="testRegisterAPI" time="0.0" classname="com.assignment.final_test.ApiTest">
    <ignored/>
  </testcase> <!-- testRegisterAPI -->
</testsuite> <!-- Default test -->
