<?xml version="1.0" encoding="UTF-8"?>
<testng-results skipped="0" failed="0" ignored="2" total="3" passed="1">
  <reporter-output>
  </reporter-output>
  <suite name="Default suite" duration-ms="5412" started-at="2021-04-16T09:01:26Z" finished-at="2021-04-16T09:01:31Z">
    <groups>
    </groups>
    <test name="Default test" duration-ms="5412" started-at="2021-04-16T09:01:26Z" finished-at="2021-04-16T09:01:31Z">
      <class name="com.assignment.final_test.ApiTest">
        <test-method status="PASS" signature="testProfileAPI()[pri:0, instance:com.assignment.final_test.ApiTest@13ad5cd3]" name="testProfileAPI" duration-ms="5374" started-at="2021-04-16T09:01:26Z" finished-at="2021-04-16T09:01:31Z">
          <reporter-output>
          </reporter-output>
        </test-method> <!-- testProfileAPI -->
      </class> <!-- com.assignment.final_test.ApiTest -->
    </test> <!-- Default test -->
  </suite> <!-- Default suite -->
</testng-results>
